(SRCTools Version 3.1.1)
 HexLoc     DecLoc    MachWord   Label        Instruction                Comment
00000000  0000000000  2e400054                la r25, QMC                ;
00000004  0000000004  2d800044                la r22, BOT                ;
00000008  0000000008  2e000178                la r24, RC                 ;
0000000c  0000000012  2d4001b8                la r21, RCT                ;
00000010  0000000016  2d800194                la r22, RA                 ;	READ ADDRESS, uses r3 for counter, r4 length, r5 address
00000014  0000000020  2fc00028                la r31, TOP                ;
00000018  0000000024  2f81ffe0                la r30, -32                ;	TX_BUSY_FLAG
0000001c  0000000028  2f41ffe4                la r29, -28                ;	TX_DATA
00000020  0000000032  2f01ffe8                la r28, -24                ;	RX_DATA_FLAG
00000024  0000000036  2ec1ffec                la r27, -20                ;	RX_DATA
                                                                         
00000028  0000000040  08780000  TOP:          ld r1, 0(r28)              ;	put rx_data_flag into r1
0000002c  0000000044  403e1002                brzr r31, r1               ;  branch to top if r1 is zero
00000030  0000000048  08760000                ld r1, 0(r27)              ;		put rx_data into r1
00000034  0000000052  6883ffc1                addi r2, r1, -63           ; 	put ? ascii check into r2
00000038  0000000056  40322002                brzr r25, r2               ;		go to ? assembly if difference is zero
0000003c  0000000060  6903ff8e                addi r4, r1, -114          ;	put r ascii into r4
00000040  0000000064  40304002                brzr r24, r4               ;		go to r assembly if equal to rx_data
00000044  0000000068  08bc0000  BOT:          ld r2, 0(r30)              ;		
00000048  0000000072  402c2003                brnz r22, r2               ;
0000004c  0000000076  187a0000                st r1, 0(r29)              ;		spit letter back out
00000050  0000000080  403e0001                br r31                     ;		go to top and get new rx_data
00000054  0000000084  087c0000  QMC:          ld r1, 0(r30)              ;		r25
00000058  0000000088  40321003                brnz r25, r1               ;		wait until tx_busy_flag is low
0000005c  0000000092  68800052                addi r2, r0, 82            ;	R	
00000060  0000000096  087c0000                ld r1, 0(r30)              ;
00000064  0000000100  68f20003                addi r3, r25, 3            ;
00000068  0000000104  40061003                brnz r3, r1                ;		wait until tx_busy_flag is low
0000006c  0000000108  18ba0000                st r2, (r29)               ;		write to tx_data
00000070  0000000112  68800049                addi r2, r0, 73            ;	I
00000074  0000000116  087c0000                ld r1, 0(r30)              ;
00000078  0000000120  68f20008                addi r3, r25, 8            ;
0000007c  0000000124  40061003                brnz r3, r1                ;		wait until tx_busy_flag is low
00000080  0000000128  18ba0000                st r2, (r29)               ;		write to tx_data
00000084  0000000132  68800043                addi r2, r0, 67            ;	C
00000088  0000000136  087c0000                ld r1, 0(r30)              ;
0000008c  0000000140  68f2000d                addi r3, r25, 13           ;
00000090  0000000144  40061003                brnz r3, r1                ;		wait until tx_busy_flag is low
00000094  0000000148  18ba0000                st r2, (r29)               ;		write to tx_data
00000098  0000000152  68800048                addi r2, r0, 72            ;	H
0000009c  0000000156  087c0000                ld r1, 0(r30)              ;
000000a0  0000000160  68f20012                addi r3, r25, 18           ;
000000a4  0000000164  40061003                brnz r3, r1                ;		wait until tx_busy_flag is low
000000a8  0000000168  18ba0000                st r2, (r29)               ;		write to tx_data
000000ac  0000000172  68800041                addi r2, r0, 65            ;	A
000000b0  0000000176  087c0000                ld r1, 0(r30)              ;
000000b4  0000000180  68f20017                addi r3, r25, 23           ;
000000b8  0000000184  40061003                brnz r3, r1                ;		wait until tx_busy_flag is low
000000bc  0000000188  18ba0000                st r2, (r29)               ;		write to tx_data
000000c0  0000000192  68800052                addi r2, r0, 82            ;	R
000000c4  0000000196  087c0000                ld r1, 0(r30)              ;
000000c8  0000000200  68f2001c                addi r3, r25, 28           ;
000000cc  0000000204  40061003                brnz r3, r1                ;		wait until tx_busy_flag is low
000000d0  0000000208  18ba0000                st r2, (r29)               ;		write to tx_data
000000d4  0000000212  68800044                addi r2, r0, 68            ;	D
000000d8  0000000216  087c0000                ld r1, 0(r30)              ;
000000dc  0000000220  68f20021                addi r3, r25, 33           ;
000000e0  0000000224  40061003                brnz r3, r1                ;		wait until tx_busy_flag is low
000000e4  0000000228  18ba0000                st r2, (r29)               ;		write to tx_data
000000e8  0000000232  68800055                addi r2, r0, 85            ;	U
000000ec  0000000236  087c0000                ld r1, 0(r30)              ;
000000f0  0000000240  68f20026                addi r3, r25, 38           ;
000000f4  0000000244  40061003                brnz r3, r1                ;		wait until tx_busy_flag is low
000000f8  0000000248  18ba0000                st r2, (r29)               ;		write to tx_data
000000fc  0000000252  68800049                addi r2, r0, 73            ;	I
00000100  0000000256  087c0000                ld r1, 0(r30)              ;
00000104  0000000260  68f2002b                addi r3, r25, 43           ;
00000108  0000000264  40061003                brnz r3, r1                ;		wait until tx_busy_flag is low
0000010c  0000000268  18ba0000                st r2, (r29)               ;		write to tx_data
00000110  0000000272  6880004e                addi r2, r0, 78            ;	N
00000114  0000000276  087c0000                ld r1, 0(r30)              ;
00000118  0000000280  68f20030                addi r3, r25, 48           ;
0000011c  0000000284  40061003                brnz r3, r1                ;		wait until tx_busy_flag is low
00000120  0000000288  18ba0000                st r2, (r29)               ;		write to tx_data
00000124  0000000292  6880004f                addi r2, r0, 79            ;	O
00000128  0000000296  087c0000                ld r1, 0(r30)              ;
0000012c  0000000300  68f20035                addi r3, r25, 53           ;
00000130  0000000304  40061003                brnz r3, r1                ;		wait until tx_busy_flag is low
00000134  0000000308  18ba0000                st r2, (r29)               ;		write to tx_data
00000138  0000000312  68800020                addi r2, r0, 32            ;	_
0000013c  0000000316  087c0000                ld r1, 0(r30)              ;
00000140  0000000320  68f2003a                addi r3, r25, 58           ;
00000144  0000000324  40061003                brnz r3, r1                ;		wait until tx_busy_flag is low
00000148  0000000328  18ba0000                st r2, (r29)               ;		write to tx_data
0000014c  0000000332  68800056                addi r2, r0, 86            ;	V
00000150  0000000336  087c0000                ld r1, 0(r30)              ;
00000154  0000000340  68f2003f                addi r3, r25, 63           ;
00000158  0000000344  40061003                brnz r3, r1                ;		wait until tx_busy_flag is low
0000015c  0000000348  18ba0000                st r2, (r29)               ;		write to tx_data
00000160  0000000352  68800032                addi r2, r0, 50            ;	2
00000164  0000000356  087c0000                ld r1, 0(r30)              ;
00000168  0000000360  68f20044                addi r3, r25, 68           ;
0000016c  0000000364  40061003                brnz r3, r1                ;		wait until tx_busy_flag is low
00000170  0000000368  18ba0000                st r2, (r29)               ;		write to tx_data
00000174  0000000372  403e0001                br r31                     ;	
00000178  0000000376  08780000  RC:           ld r1, 0(r28)              ;	put rx_data_flag into r1		
0000017c  0000000380  40301002                brzr r24, r1               ;  branch to RC if r1 is zero
00000180  0000000384  08760000                ld r1, 0(r27)              ;		put rx_data into r1
00000184  0000000388  6883ffe0                addi r2, r1, -32           ; 	put _ ascii check into r2
00000188  0000000392  403e2003                brnz r31, r2               ;		exit if not _
0000018c  0000000396  08c00000                ld r3, (r0)                ;		put zero into r3 (counter)
00000190  0000000400  09400000                ld r5, (r0)                ;		zero out address
00000194  0000000404  08780000  RA:           ld r1, 0(r28)              ;
00000198  0000000408  402c1002                brzr r22, r1               ;  branch to RC if r1 is zero
0000019c  0000000412  08760000                ld r1, 0(r27)              ;		put rx_data into r1
000001a0  0000000416  e14a0008                shl r5, r5, 8              ;
000001a4  0000000420  b14a1000                or r5, r5, r1              ;
000001a8  0000000424  68c60001                addi r3, r3, 1             ;
000001ac  0000000428  6907fffc                addi r4, r3, -4            ;	r4 negative i
000001b0  0000000432  402c4005                brmi r22, r4               ; 
000001b4  0000000436  088a0000                ld r2, 0(r5)               ;		load from memory
000001b8  0000000440  087c0000  RCT:          ld r1, 0(r30)              ;		r25
000001bc  0000000444  402a1003                brnz r21, r1               ;		wait until tx_busy_flag is low
000001c0  0000000448  18ba0000                st r2, (r29)               ;		store in tx_data
000001c4  0000000452  403e0001                br r31                     ;

--- Symbol Table ---
QMC: 84
TOP: 40
RCT: 440
BOT: 68
RC: 376
RA: 404
