#-----------------------------------------------------------
# Vivado v2019.1 (64-bit)
# SW Build 2552052 on Fri May 24 14:49:42 MDT 2019
# IP Build 2548770 on Fri May 24 18:01:18 MDT 2019
# Start of session at: Fri Jan 24 10:38:01 2020
# Process ID: 36596
# Current directory: H:/cse462/LAB2_BenGuan
# Command line: vivado.exe -gui_launcher_event rodinguilauncherevent54716 H:\cse462\LAB2_BenGuan\LAB0_BenGuan.xpr
# Log file: H:/cse462/LAB2_BenGuan/vivado.log
# Journal file: H:/cse462/LAB2_BenGuan\vivado.jou
#-----------------------------------------------------------
start_gui
open_project H:/cse462/LAB2_BenGuan/LAB0_BenGuan.xpr
Scanning sources...
Finished scanning sources
INFO: [IP_Flow 19-234] Refreshing IP repositories
INFO: [IP_Flow 19-1704] No user IP repositories specified
INFO: [IP_Flow 19-2313] Loaded Vivado IP repository 'C:/Apps/Xilinx/Vivado/2019.1/data/ip'.
open_project: Time (s): cpu = 00:00:21 ; elapsed = 00:00:15 . Memory (MB): peak = 889.137 ; gain = 255.836
update_compile_order -fileset sources_1
update_compile_order -fileset sources_1
update_compile_order -fileset sources_1
